<?xml version="1.0" encoding="UTF-8"?>
<!-- Generated by org.testng.reporters.JUnitReportReporter -->
<testsuite skipped="0" hostname="Naresh-PC" name="homesPackage.Basics" tests="1" failures="0" timestamp="28 May 2020 16:36:12 GMT" time="43.143" errors="0">
  <testcase name="testMethod" time="43.143" classname="homesPackage.Basics"/>
</testsuite> <!-- homesPackage.Basics -->
